<?xml version="1.0" encoding="UTF-8"?>
<!-- Generated by org.testng.reporters.JUnitXMLReporter -->
<testsuite ignored="0" hostname="DESKTOP-S2PNAHT" failures="0" tests="5" name="Default test" time="43.926" errors="0" timestamp="28 Jun 2020 00:29:29 GMT">
  <testcase classname="cucumber.api.testng.AbstractTestNGCucumberTests" name="feature" time="7.825"/>
  <testcase classname="cucumber.api.testng.AbstractTestNGCucumberTests" name="feature" time="5.189"/>
  <testcase classname="cucumber.api.testng.AbstractTestNGCucumberTests" name="feature" time="6.311"/>
  <testcase classname="cucumber.api.testng.AbstractTestNGCucumberTests" name="feature" time="3.811"/>
  <testcase classname="cucumber.api.testng.AbstractTestNGCucumberTests" name="feature" time="9.448"/>
</testsuite> <!-- Default test -->
