<?xml version="1.0" encoding="UTF-8"?>
<testng-results ignored="0" total="5" passed="5" failed="0" skipped="0">
  <reporter-output>
  </reporter-output>
  <suite started-at="2020-06-28T00:28:45Z" name="Default suite" finished-at="2020-06-28T00:29:29Z" duration-ms="43926">
    <groups>
      <group name="cucumber">
        <method signature="AbstractTestNGCucumberTests.feature(cucumber.api.testng.CucumberFeatureWrapper)[pri:0, instance:com.test.TestRunner.TestRunner@7b02881e]" name="feature" class="cucumber.api.testng.AbstractTestNGCucumberTests"/>
      </group> <!-- cucumber -->
    </groups>
    <test started-at="2020-06-28T00:28:45Z" name="Default test" finished-at="2020-06-28T00:29:29Z" duration-ms="43926">
      <class name="com.test.TestRunner.TestRunner">
        <test-method is-config="true" signature="setUp()[pri:0, instance:com.test.TestRunner.TestRunner@7b02881e]" started-at="2020-06-28T00:28:45Z" name="setUp" finished-at="2020-06-28T00:28:55Z" duration-ms="9974" status="PASS">
          <reporter-output>
          </reporter-output>
        </test-method> <!-- setUp -->
        <test-method is-config="true" signature="setUpClass()[pri:0, instance:com.test.TestRunner.TestRunner@7b02881e]" started-at="2020-06-28T00:28:55Z" name="setUpClass" finished-at="2020-06-28T00:28:56Z" duration-ms="338" status="PASS">
          <reporter-output>
          </reporter-output>
        </test-method> <!-- setUpClass -->
        <test-method signature="feature(cucumber.api.testng.CucumberFeatureWrapper)[pri:0, instance:com.test.TestRunner.TestRunner@7b02881e]" started-at="2020-06-28T00:28:56Z" name="feature" description="Runs Cucumber Feature" data-provider="features" finished-at="2020-06-28T00:29:04Z" duration-ms="7825" status="PASS">
          <params>
            <param index="0">
              <value>
                <![CDATA[Dropdown Functionality]]>
              </value>
            </param>
          </params>
          <reporter-output>
          </reporter-output>
        </test-method> <!-- feature -->
        <test-method signature="feature(cucumber.api.testng.CucumberFeatureWrapper)[pri:0, instance:com.test.TestRunner.TestRunner@7b02881e]" started-at="2020-06-28T00:29:04Z" name="feature" description="Runs Cucumber Feature" data-provider="features" finished-at="2020-06-28T00:29:09Z" duration-ms="5189" status="PASS">
          <params>
            <param index="0">
              <value>
                <![CDATA[Mouseover functionality]]>
              </value>
            </param>
          </params>
          <reporter-output>
          </reporter-output>
        </test-method> <!-- feature -->
        <test-method signature="feature(cucumber.api.testng.CucumberFeatureWrapper)[pri:0, instance:com.test.TestRunner.TestRunner@7b02881e]" started-at="2020-06-28T00:29:09Z" name="feature" description="Runs Cucumber Feature" data-provider="features" finished-at="2020-06-28T00:29:15Z" duration-ms="6311" status="PASS">
          <params>
            <param index="0">
              <value>
                <![CDATA[Radio & check box Functionality]]>
              </value>
            </param>
          </params>
          <reporter-output>
          </reporter-output>
        </test-method> <!-- feature -->
        <test-method signature="feature(cucumber.api.testng.CucumberFeatureWrapper)[pri:0, instance:com.test.TestRunner.TestRunner@7b02881e]" started-at="2020-06-28T00:29:15Z" name="feature" description="Runs Cucumber Feature" data-provider="features" finished-at="2020-06-28T00:29:19Z" duration-ms="3811" status="PASS">
          <params>
            <param index="0">
              <value>
                <![CDATA[Search Functionality]]>
              </value>
            </param>
          </params>
          <reporter-output>
          </reporter-output>
        </test-method> <!-- feature -->
        <test-method signature="feature(cucumber.api.testng.CucumberFeatureWrapper)[pri:0, instance:com.test.TestRunner.TestRunner@7b02881e]" started-at="2020-06-28T00:29:19Z" name="feature" description="Runs Cucumber Feature" data-provider="features" finished-at="2020-06-28T00:29:29Z" duration-ms="9448" status="PASS">
          <params>
            <param index="0">
              <value>
                <![CDATA[Signin Functionality]]>
              </value>
            </param>
          </params>
          <reporter-output>
          </reporter-output>
        </test-method> <!-- feature -->
        <test-method is-config="true" signature="tearDownClass()[pri:0, instance:com.test.TestRunner.TestRunner@7b02881e]" started-at="2020-06-28T00:29:29Z" name="tearDownClass" finished-at="2020-06-28T00:29:29Z" duration-ms="15" status="PASS">
          <reporter-output>
          </reporter-output>
        </test-method> <!-- tearDownClass -->
        <test-method is-config="true" signature="tearDown()[pri:0, instance:com.test.TestRunner.TestRunner@7b02881e]" started-at="2020-06-28T00:29:29Z" name="tearDown" finished-at="2020-06-28T00:29:29Z" duration-ms="833" status="PASS">
          <reporter-output>
          </reporter-output>
        </test-method> <!-- tearDown -->
      </class> <!-- com.test.TestRunner.TestRunner -->
    </test> <!-- Default test -->
  </suite> <!-- Default suite -->
</testng-results>
